2025-03-23 15:31:30 info: Server is running on port 3000
2025-03-23 15:31:48 info: Server is running on port 3000
2025-03-23 15:31:48 info: MongoDB connection SUCCESS :)
2025-03-23 15:31:52 info: Server is running on port 3000
2025-03-23 15:31:52 info: MongoDB connection SUCCESS :)
2025-03-23 21:25:29 info: Server is running on port 3000
2025-03-23 21:25:29 info: MongoDB connection SUCCESS :)
2025-03-23 21:25:36 info: GET /
2025-03-23 21:25:45 info: POST /api/users/login
2025-03-23 21:25:45 error: Unhandled error: logger is not defined
2025-03-23 21:25:48 info: POST /api/users/login
2025-03-23 21:25:48 error: Unhandled error: logger is not defined
2025-03-23 21:25:49 info: POST /api/users/login
2025-03-23 21:25:49 error: Unhandled error: logger is not defined
2025-03-23 21:26:28 info: POST /api/users/register
2025-03-23 21:26:28 error: Unhandled error: logger is not defined
2025-03-23 21:26:40 info: GET /api/posts
2025-03-23 21:26:40 info: Retrieved 19 posts
2025-03-23 21:26:50 info: DELETE /api/posts/67e013bc92303314db102358
2025-03-23 21:26:50 error: Error deleting post 67e013bc92303314db102358: Post not found
2025-03-23 21:26:52 info: GET /api/posts/tag/spor
2025-03-23 21:26:52 info: Retrieved 1 posts with tag spor
2025-03-23 21:27:13 info: Server is running on port 3000
2025-03-23 21:27:13 info: MongoDB connection SUCCESS :)
2025-03-23 21:27:59 info: Server is running on port 3000
2025-03-23 21:27:59 info: MongoDB connection SUCCESS :)
2025-03-23 21:28:01 info: Server is running on port 3000
2025-03-23 21:28:01 info: MongoDB connection SUCCESS :)
2025-03-23 21:28:06 info: Server is running on port 3000
2025-03-23 21:28:06 info: MongoDB connection SUCCESS :)
2025-03-23 21:28:08 info: Server is running on port 3000
2025-03-23 21:28:08 info: MongoDB connection SUCCESS :)
2025-03-23 21:28:17 info: Server is running on port 3000
2025-03-23 21:28:17 info: MongoDB connection SUCCESS :)
2025-03-23 21:28:18 info: Server is running on port 3000
2025-03-23 21:28:18 info: MongoDB connection SUCCESS :)
2025-03-23 21:28:23 info: Server is running on port 3000
2025-03-23 21:28:23 info: MongoDB connection SUCCESS :)
2025-03-23 21:28:27 info: Server is running on port 3000
2025-03-23 21:28:27 info: MongoDB connection SUCCESS :)
2025-03-23 21:28:40 info: Server is running on port 3000
2025-03-23 21:28:40 info: MongoDB connection SUCCESS :)
2025-03-23 21:28:48 info: Server is running on port 3000
2025-03-23 21:28:48 info: MongoDB connection SUCCESS :)
2025-03-23 21:28:57 info: Server is running on port 3000
2025-03-23 21:28:57 info: MongoDB connection SUCCESS :)
2025-03-23 21:29:02 info: Server is running on port 3000
2025-03-23 21:29:02 info: MongoDB connection SUCCESS :)
2025-03-23 21:29:06 info: GET /
2025-03-23 21:29:07 info: GET /
2025-03-23 21:29:07 info: GET /
2025-03-23 21:29:12 info: POST /api/users/login
2025-03-23 21:29:12 error: Error logging in user: logger is not defined
2025-03-23 21:29:44 info: Server is running on port 3000
2025-03-23 21:29:44 info: MongoDB connection SUCCESS :)
2025-03-23 21:29:54 info: POST /api/users/login
2025-03-23 21:29:54 error: Error logging in user: logger is not defined
2025-03-23 21:31:48 info: Server is running on port 3000
2025-03-23 21:31:48 info: MongoDB connection SUCCESS :)
2025-03-23 21:32:08 info: Server is running on port 3000
2025-03-23 21:32:08 info: MongoDB connection SUCCESS :)
2025-03-23 21:32:15 info: Server is running on port 3000
2025-03-23 21:32:15 info: MongoDB connection SUCCESS :)
2025-03-23 21:32:28 info: Server is running on port 3000
2025-03-23 21:32:28 info: MongoDB connection SUCCESS :)
2025-03-23 21:33:04 info: Server is running on port 3000
2025-03-23 21:33:04 info: MongoDB connection SUCCESS :)
2025-03-23 21:33:11 info: Server is running on port 3000
2025-03-23 21:33:11 info: MongoDB connection SUCCESS :)
2025-03-23 21:33:19 info: Server is running on port 3000
2025-03-23 21:33:19 info: MongoDB connection SUCCESS :)
2025-03-23 21:33:26 info: Server is running on port 3000
2025-03-23 21:33:26 info: MongoDB connection SUCCESS :)
2025-03-23 21:33:32 info: Server is running on port 3000
2025-03-23 21:33:32 info: MongoDB connection SUCCESS :)
2025-03-23 21:33:41 info: Server is running on port 3000
2025-03-23 21:33:41 info: MongoDB connection SUCCESS :)
2025-03-23 21:33:48 info: Server is running on port 3000
2025-03-23 21:33:48 info: MongoDB connection SUCCESS :)
2025-03-23 21:33:54 info: Server is running on port 3000
2025-03-23 21:33:54 info: MongoDB connection SUCCESS :)
2025-03-23 21:34:01 info: Server is running on port 3000
2025-03-23 21:34:01 info: MongoDB connection SUCCESS :)
2025-03-23 21:34:06 info: Server is running on port 3000
2025-03-23 21:34:06 info: MongoDB connection SUCCESS :)
2025-03-23 21:34:13 info: Server is running on port 3000
2025-03-23 21:34:13 info: MongoDB connection SUCCESS :)
2025-03-23 21:34:21 info: Server is running on port 3000
2025-03-23 21:34:21 info: MongoDB connection SUCCESS :)
2025-03-23 21:34:26 info: Server is running on port 3000
2025-03-23 21:34:26 info: MongoDB connection SUCCESS :)
2025-03-23 21:34:39 info: Server is running on port 3000
2025-03-23 21:34:39 info: MongoDB connection SUCCESS :)
2025-03-23 21:34:58 info: Server is running on port 3000
2025-03-23 21:34:58 info: MongoDB connection SUCCESS :)
2025-03-23 21:35:07 info: Server is running on port 3000
2025-03-23 21:35:07 info: MongoDB connection SUCCESS :)
2025-03-23 21:35:25 info: Server is running on port 3000
2025-03-23 21:35:25 info: MongoDB connection SUCCESS :)
2025-03-23 21:35:34 info: Server is running on port 3000
2025-03-23 21:35:34 info: MongoDB connection SUCCESS :)
2025-03-23 21:35:43 info: Server is running on port 3000
2025-03-23 21:35:43 info: MongoDB connection SUCCESS :)
2025-03-23 21:35:50 info: Server is running on port 3000
2025-03-23 21:35:50 info: MongoDB connection SUCCESS :)
2025-03-23 21:35:55 info: Server is running on port 3000
2025-03-23 21:35:55 info: MongoDB connection SUCCESS :)
2025-03-23 21:36:03 info: Server is running on port 3000
2025-03-23 21:36:03 info: MongoDB connection SUCCESS :)
2025-03-23 21:36:08 info: Server is running on port 3000
2025-03-23 21:36:08 info: MongoDB connection SUCCESS :)
2025-03-23 21:36:34 info: Server is running on port 3000
2025-03-23 21:36:34 info: MongoDB connection SUCCESS :)
2025-03-23 21:37:37 info: Server is running on port 3000
2025-03-23 21:37:37 info: MongoDB connection SUCCESS :)
2025-03-23 21:37:43 info: Server is running on port 3000
2025-03-23 21:37:43 info: MongoDB connection SUCCESS :)
2025-03-23 21:38:00 info: GET /
2025-03-23 21:38:05 info: POST /api/users/login
2025-03-23 21:38:05 debug: login attempt for: k@gmail.com
2025-03-23 21:38:06 info: Login successful for user: 67e0125292303314db102331
2025-03-23 21:38:06 debug: Generated token for user: 67e0125292303314db102331
2025-03-23 21:38:06 info: User logged in: 67e0125292303314db102331
2025-03-23 21:38:08 info: GET /api/users/67e0101092303314db102318
2025-03-23 21:38:08 info: Retrieved user: 67e0101092303314db102318
2025-03-23 21:38:11 info: POST /api/users/register
2025-03-23 21:38:11 error: Error in registerUser: This email already exists
2025-03-23 21:38:11 error: Error registering user: This email already exists
2025-03-23 21:38:13 info: GET /api/posts/user/67e0125292303314db102331
2025-03-23 21:38:13 error: Error retrieving posts by user 67e0125292303314db102331: logger is not defined
2025-03-23 21:38:18 info: GET /api/posts/user/67e0125292303314db102331
2025-03-23 21:38:18 error: Error retrieving posts by user 67e0125292303314db102331: logger is not defined
2025-03-23 21:38:21 info: GET /api/posts/67e013bc92303314db102358
2025-03-23 21:38:21 error: Error retrieving post 67e013bc92303314db102358: logger is not defined
2025-03-23 21:38:39 info: Server is running on port 3000
2025-03-23 21:38:39 info: MongoDB connection SUCCESS :)
2025-03-23 21:39:02 info: Server is running on port 3000
2025-03-23 21:39:02 info: MongoDB connection SUCCESS :)
2025-03-23 21:39:19 info: GET /api/posts/67e013bc92303314db102358
2025-03-23 21:39:19 warn: Post not found with ID: 67e013bc92303314db102358
2025-03-23 21:39:19 error: Error in getPostById: Post not found
2025-03-23 21:39:19 error: Error retrieving post 67e013bc92303314db102358: Post not found
2025-03-23 21:39:21 info: GET /api/posts/user/67e0125292303314db102331
2025-03-23 21:39:21 debug: Retrieved 8 posts for user 67e0125292303314db102331
2025-03-23 21:39:21 info: Retrieved 8 posts for user 67e0125292303314db102331
2025-03-23 21:39:24 info: GET /api/posts
2025-03-23 21:39:24 debug: Retrieved 19 posts
2025-03-23 21:39:24 info: Retrieved 19 posts
2025-03-23 21:39:26 info: DELETE /api/posts/67e013bc92303314db102358
2025-03-23 21:39:26 warn: Deletion attempted on non-existent post: 67e013bc92303314db102358
2025-03-23 21:39:26 error: Error in deletePost: Post not found
2025-03-23 21:39:26 error: Error deleting post 67e013bc92303314db102358: Post not found
2025-03-23 21:39:29 info: GET /api/posts/tag/spor
2025-03-23 21:39:29 debug: Retrieved 1 posts with tag: spor
2025-03-23 21:39:29 info: Retrieved 1 posts with tag spor
2025-03-23 21:53:07 info: GET /api/users/
2025-03-23 21:53:07 info: Retrieved 4 users
2025-03-23 21:57:55 info: POST /api/users/login
2025-03-23 21:57:55 debug: login attempt for: k@gmail.com
2025-03-23 21:57:56 info: Login successful for user: 67e0125292303314db102331
2025-03-23 21:57:56 debug: Generated token for user: 67e0125292303314db102331
2025-03-23 21:57:56 info: User logged in: 67e0125292303314db102331
2025-03-23 22:02:43 info: Server is running on port 3000
2025-03-23 22:02:43 info: MongoDB connection SUCCESS :)
2025-03-23 22:02:47 info: Server is running on port 3000
2025-03-23 22:02:47 info: MongoDB connection SUCCESS :)
2025-03-23 22:02:50 info: Server is running on port 3000
2025-03-23 22:02:50 info: MongoDB connection SUCCESS :)
2025-03-23 22:02:53 info: Server is running on port 3000
2025-03-23 22:02:53 info: MongoDB connection SUCCESS :)
2025-03-23 22:04:56 info: Server is running on port 3000
2025-03-23 22:04:56 info: MongoDB connection SUCCESS :)
2025-03-23 22:06:14 info: Server is running on port 3000
2025-03-23 22:06:14 info: MongoDB connection SUCCESS :)
2025-03-23 22:26:57 info: Server is running on port 3000
2025-03-23 22:26:57 info: MongoDB connection SUCCESS :)
2025-03-23 22:34:10 info: Server is running on port 3000
2025-03-23 22:34:10 info: MongoDB connection SUCCESS :)
2025-03-23 22:45:07 info: PUT /api/users/67e0101092303314db102318
2025-03-23 22:45:07 info: User updated: 67e0101092303314db102318
2025-03-23 22:48:33 info: Server is running on port 3000
2025-03-23 22:48:33 info: MongoDB connection SUCCESS :)
2025-03-23 22:48:46 info: Server is running on port 3000
2025-03-23 22:48:46 info: MongoDB connection SUCCESS :)
2025-03-23 22:53:49 info: POST /api/posts/create
2025-03-23 22:53:49 info: New post created: 67e090fd597f888397b0b201 by user 67e0125292303314db102331
2025-03-23 22:53:49 info: Post created: {"message":"Post created","postId":"67e090fd597f888397b0b201"}
2025-03-23 22:53:52 info: GET /api/posts
2025-03-23 22:53:52 debug: Retrieved 20 posts
2025-03-23 22:53:52 info: Retrieved 20 posts
2025-03-23 22:53:54 info: GET /api/posts/user/67e0125292303314db102331
2025-03-23 22:53:54 debug: Retrieved 9 posts for user 67e0125292303314db102331
2025-03-23 22:53:54 info: Retrieved 9 posts for user 67e0125292303314db102331
2025-03-23 22:53:57 info: GET /api/posts/67e013bc92303314db102358
2025-03-23 22:53:57 warn: Post not found with ID: 67e013bc92303314db102358
2025-03-23 22:53:57 error: Error in getPostById: Post not found
2025-03-23 22:53:57 error: Error retrieving post 67e013bc92303314db102358: Post not found
2025-03-23 22:54:16 info: POST /api/users/login
2025-03-23 22:54:16 debug: login attempt for: k@gmail.com
2025-03-23 22:54:16 info: Login successful for user: 67e0125292303314db102331
2025-03-23 22:54:16 debug: Generated token for user: 67e0125292303314db102331
2025-03-23 22:54:16 info: User logged in: 67e0125292303314db102331
2025-03-23 22:54:26 info: GET /api/posts/user/67e0125292303314db102331
2025-03-23 22:54:26 debug: Retrieved 9 posts for user 67e0125292303314db102331
2025-03-23 22:54:26 info: Retrieved 9 posts for user 67e0125292303314db102331
2025-03-23 22:54:29 info: GET /api/posts/67e013bc92303314db102358
2025-03-23 22:54:29 warn: Post not found with ID: 67e013bc92303314db102358
2025-03-23 22:54:29 error: Error in getPostById: Post not found
2025-03-23 22:54:29 error: Error retrieving post 67e013bc92303314db102358: Post not found
2025-03-23 22:54:42 info: GET /api/posts/67e016ab92303314db102377
2025-03-23 22:54:42 debug: Retrieved post: 67e016ab92303314db102377
2025-03-23 22:54:42 info: Retrieved post: 67e016ab92303314db102377
2025-03-23 22:54:46 info: PUT /api/posts/67e013bc92303314db102358
2025-03-23 22:54:46 error: Validation error: [{"type":"field","msg":"Title is required","path":"title","location":"body"},{"type":"field","msg":"Title must be between 3 and 100 characters","path":"title","location":"body"},{"type":"field","msg":"Tags must be an array","path":"tags","location":"body"},{"type":"field","msg":"At least one tag is required","path":"tags","location":"body"}]
2025-03-23 22:54:48 info: DELETE /api/posts/67e013bc92303314db102358
2025-03-23 22:54:48 warn: Deletion attempted on non-existent post: 67e013bc92303314db102358
2025-03-23 22:54:48 error: Error in deletePost: Post not found
2025-03-23 22:54:48 error: Error deleting post 67e013bc92303314db102358: Post not found
2025-03-23 22:54:55 info: GET /api/posts/tag/spor
2025-03-23 22:54:55 debug: Retrieved 2 posts with tag: spor
2025-03-23 22:54:55 info: Retrieved 2 posts with tag spor
2025-03-23 22:54:59 info: GET /api/users/
2025-03-23 22:54:59 info: Retrieved 4 users
2025-03-23 22:55:01 info: PUT /api/users/67e0101092303314db102318
2025-03-23 22:55:01 info: User updated: 67e0101092303314db102318
2025-03-23 22:55:03 info: DELETE /api/users/67e00b50b52f4f591eee5002
2025-03-23 22:55:06 info: GET /api/users/67e0101092303314db102318
2025-03-23 22:55:06 info: Retrieved user: 67e0101092303314db102318
2025-03-23 22:55:08 info: POST /api/users/login
2025-03-23 22:55:08 debug: login attempt for: k@gmail.com
2025-03-23 22:55:09 info: Login successful for user: 67e0125292303314db102331
2025-03-23 22:55:09 debug: Generated token for user: 67e0125292303314db102331
2025-03-23 22:55:09 info: User logged in: 67e0125292303314db102331
2025-03-23 22:55:11 info: POST /api/users/register
2025-03-23 22:55:11 error: Error in registerUser: This email already exists
2025-03-23 22:55:11 error: Error registering user: This email already exists
2025-04-25 12:15:42 info: Server is running on port 3000
2025-04-25 12:15:42 info: MongoDB connection SUCCESS :)
2025-04-25 12:22:34 info: Server is running on port 3000
2025-04-25 12:22:34 info: MongoDB connection SUCCESS :)
2025-04-25 12:27:22 info: Server is running on port 3000
2025-04-25 12:27:22 info: MongoDB connection SUCCESS :)
2025-04-25 13:13:25 info: Server is running on port 3000
2025-04-25 13:13:26 info: MongoDB connection SUCCESS :)
2025-04-25 13:18:40 info: Server is running on port 3000
2025-04-25 13:18:40 info: MongoDB connection SUCCESS :)
2025-04-25 13:19:07 info: Server is running on port 3000
2025-04-25 13:19:07 info: MongoDB connection SUCCESS :)
2025-04-25 13:21:00 info: POST /api/users/register
2025-04-25 13:21:01 error: Error in registerUser: media_type_header_exception
	Caused by:
		status_exception: Accept version must be either version 8 or 7, but found 9. Accept=application/vnd.elasticsearch+json; compatible-with=9
	Root causes:
		media_type_header_exception: Invalid media-type value on headers [Accept, Content-Type]
2025-04-25 13:21:01 error: Error registering user: media_type_header_exception
	Caused by:
		status_exception: Accept version must be either version 8 or 7, but found 9. Accept=application/vnd.elasticsearch+json; compatible-with=9
	Root causes:
		media_type_header_exception: Invalid media-type value on headers [Accept, Content-Type]
2025-04-25 13:21:32 info: POST /api/users/register
2025-04-25 13:21:32 error: Error in registerUser: This email already exists
2025-04-25 13:21:32 error: Error registering user: This email already exists
2025-04-25 13:21:56 info: POST /api/users/register
2025-04-25 13:21:56 error: Error in registerUser: media_type_header_exception
	Caused by:
		status_exception: Accept version must be either version 8 or 7, but found 9. Accept=application/vnd.elasticsearch+json; compatible-with=9
	Root causes:
		media_type_header_exception: Invalid media-type value on headers [Accept, Content-Type]
2025-04-25 13:21:56 error: Error registering user: media_type_header_exception
	Caused by:
		status_exception: Accept version must be either version 8 or 7, but found 9. Accept=application/vnd.elasticsearch+json; compatible-with=9
	Root causes:
		media_type_header_exception: Invalid media-type value on headers [Accept, Content-Type]
2025-04-25 13:22:01 info: POST /api/users/register
2025-04-25 13:22:01 error: Error in registerUser: This email already exists
2025-04-25 13:22:01 error: Error registering user: This email already exists
2025-04-25 13:22:15 info: GET /api/users
2025-04-25 13:22:15 info: Retrieved 2 users
2025-04-25 13:22:42 info: POST /api/users/login
2025-04-25 13:22:42 debug: login attempt for: semiz@gmail.com
2025-04-25 13:22:42 info: Login successful for user: 680b8c743d67523cf04eb18d
2025-04-25 13:22:42 debug: Generated token for user: 680b8c743d67523cf04eb18d
2025-04-25 13:22:42 info: User logged in: 680b8c743d67523cf04eb18d
2025-04-25 13:23:24 info: POST /api/posts/create
2025-04-25 13:23:24 info: New post created: 680b8ccc3d67523cf04eb194 by user 680b8c743d67523cf04eb18d
2025-04-25 13:23:24 info: Post created: {"message":"Post created","postId":"680b8ccc3d67523cf04eb194"}
2025-04-25 13:24:21 info: GET /api/posts/search?q=elasticsearch
2025-04-25 13:24:21 error: Error in getPostById: Cast to ObjectId failed for value "search" (type string) at path "_id" for model "Post"
2025-04-25 13:24:21 error: Error retrieving post search: Cast to ObjectId failed for value "search" (type string) at path "_id" for model "Post"
2025-04-25 13:38:45 info: Server is running on port 3000
2025-04-25 13:38:45 info: MongoDB connection SUCCESS :)
2025-04-25 13:43:46 info: Server is running on port 3000
2025-04-25 13:43:46 info: MongoDB connection SUCCESS :)
2025-04-25 13:45:12 info: GET /api/posts/search?q=elasticsearch
2025-04-25 13:45:12 error: Error in getPostById: Cast to ObjectId failed for value "search" (type string) at path "_id" for model "Post"
2025-04-25 13:45:12 error: Error retrieving post search: Cast to ObjectId failed for value "search" (type string) at path "_id" for model "Post"
2025-04-25 13:45:13 info: GET /api/posts/search?q=elasticsearch
2025-04-25 13:45:13 error: Error in getPostById: Cast to ObjectId failed for value "search" (type string) at path "_id" for model "Post"
2025-04-25 13:45:13 error: Error retrieving post search: Cast to ObjectId failed for value "search" (type string) at path "_id" for model "Post"
2025-04-25 13:50:16 info: Server is running on port 3000
2025-04-25 13:50:16 info: MongoDB connection SUCCESS :)
2025-04-25 13:51:34 info: GET /api/posts/search?q=elasticsearch
2025-04-25 13:51:34 error: Error in getPostById: Cast to ObjectId failed for value "search" (type string) at path "_id" for model "Post"
2025-04-25 13:51:34 error: Error retrieving post search: Cast to ObjectId failed for value "search" (type string) at path "_id" for model "Post"
2025-04-25 13:51:35 info: GET /api/posts/search?q=elasticsearch
2025-04-25 13:51:35 error: Error in getPostById: Cast to ObjectId failed for value "search" (type string) at path "_id" for model "Post"
2025-04-25 13:51:35 error: Error retrieving post search: Cast to ObjectId failed for value "search" (type string) at path "_id" for model "Post"
2025-04-25 13:51:44 info: Server is running on port 3000
2025-04-25 13:51:44 info: MongoDB connection SUCCESS :)
2025-04-25 13:51:48 info: GET /api/posts/search?q=elasticsearch
2025-04-25 13:51:48 error: Error in getPostById: Cast to ObjectId failed for value "search" (type string) at path "_id" for model "Post"
2025-04-25 13:51:48 error: Error retrieving post search: Cast to ObjectId failed for value "search" (type string) at path "_id" for model "Post"
2025-04-25 13:52:09 info: Server is running on port 3000
2025-04-25 13:52:09 info: MongoDB connection SUCCESS :)
2025-04-25 13:53:07 info: GET /api/posts/search?q=elasticsearch
2025-04-25 13:53:07 error: Error in getPostById: Cast to ObjectId failed for value "search" (type string) at path "_id" for model "Post"
2025-04-25 13:53:07 error: Error retrieving post search: Cast to ObjectId failed for value "search" (type string) at path "_id" for model "Post"
2025-04-25 13:53:08 info: GET /api/posts/search?q=elasticsearch
2025-04-25 13:53:08 error: Error in getPostById: Cast to ObjectId failed for value "search" (type string) at path "_id" for model "Post"
2025-04-25 13:53:08 error: Error retrieving post search: Cast to ObjectId failed for value "search" (type string) at path "_id" for model "Post"
2025-04-25 13:53:10 info: GET /api/posts/search?q=elasticsearch
2025-04-25 13:53:10 error: Error in getPostById: Cast to ObjectId failed for value "search" (type string) at path "_id" for model "Post"
2025-04-25 13:53:10 error: Error retrieving post search: Cast to ObjectId failed for value "search" (type string) at path "_id" for model "Post"
2025-04-25 13:57:29 info: Server is running on port 3000
2025-04-25 13:57:29 info: MongoDB connection SUCCESS :)
2025-04-25 13:57:46 info: GET /api/posts/search?q=elasticsearch
2025-04-25 13:57:46 error: Error in search: postService.searchPosts is not a function
2025-04-25 13:57:54 info: GET /api/posts/search?q=elasticsearch
2025-04-25 13:57:54 error: Error in search: postService.searchPosts is not a function
2025-04-28 06:20:21 info: Server is running on port 3000
2025-04-28 06:20:21 info: MongoDB connection SUCCESS :)
2025-04-28 06:20:34 info: POST /api/users/register
2025-04-28 06:20:48 info: New user registered: seemiz, semiz1@gmail.com, user
2025-04-28 06:20:48 info: User registered: 680f1e32497bb0802dcd3385
2025-04-28 06:22:31 info: POST /api/posts/create
2025-04-28 06:22:31 info: New post created: 680f1ea7497bb0802dcd3389 by user 680b8c743d67523cf04eb18d
2025-04-28 06:22:31 info: Post created: {"message":"Post created","postId":"680f1ea7497bb0802dcd3389"}
2025-04-28 06:24:07 info: GET /api/posts/search?q=spor
2025-04-28 06:24:07 info: Search performed with query: spor
2025-04-28 06:24:49 info: GET /api/posts/search?q=elasticsearch
2025-04-28 06:24:49 info: Search performed with query: elasticsearch
2025-04-28 07:56:28 info: GET /api/users
2025-04-28 07:56:28 info: Retrieved 3 users
2025-04-28 07:56:44 info: GET /api/users
2025-04-28 07:56:44 info: Retrieved 3 users
2025-04-28 07:57:10 info: GET /api/users
2025-04-28 07:57:10 info: Retrieved 3 users
2025-04-28 07:58:29 info: GET /api/users
2025-04-28 07:58:29 info: Retrieved 3 users
2025-05-05 17:10:04 info: Server is running on port 3000
2025-05-05 17:10:04 error: Redis connection FAIL :( connect ECONNREFUSED 127.0.0.1:6379
2025-05-05 17:10:04 error: Redis connection FAIL :( connect ECONNREFUSED 127.0.0.1:6379
2025-05-05 17:10:04 error: Redis connection FAIL :( connect ECONNREFUSED 127.0.0.1:6379
2025-05-05 17:10:04 error: Redis connection FAIL :( connect ECONNREFUSED 127.0.0.1:6379
2025-05-05 17:10:04 error: Redis connection FAIL :( connect ECONNREFUSED 127.0.0.1:6379
2025-05-05 17:10:05 error: Redis connection FAIL :( connect ECONNREFUSED 127.0.0.1:6379
2025-05-05 17:10:05 error: Redis connection FAIL :( connect ECONNREFUSED 127.0.0.1:6379
2025-05-05 17:10:05 error: Redis connection FAIL :( connect ECONNREFUSED 127.0.0.1:6379
2025-05-05 17:10:06 error: Redis connection FAIL :( connect ECONNREFUSED 127.0.0.1:6379
2025-05-05 17:10:06 error: Redis connection FAIL :( connect ECONNREFUSED 127.0.0.1:6379
2025-05-05 17:10:07 error: Redis connection FAIL :( connect ECONNREFUSED 127.0.0.1:6379
2025-05-05 17:10:07 error: Redis connection FAIL :( connect ECONNREFUSED 127.0.0.1:6379
2025-05-05 17:10:08 error: Redis connection FAIL :( connect ECONNREFUSED 127.0.0.1:6379
2025-05-05 17:10:09 error: Redis connection FAIL :( connect ECONNREFUSED 127.0.0.1:6379
2025-05-05 17:10:09 error: Redis connection FAIL :( connect ECONNREFUSED 127.0.0.1:6379
2025-05-05 17:10:10 error: Redis connection FAIL :( connect ECONNREFUSED 127.0.0.1:6379
2025-05-05 17:10:11 error: Redis connection FAIL :( connect ECONNREFUSED 127.0.0.1:6379
2025-05-05 17:10:12 error: Redis connection FAIL :( connect ECONNREFUSED 127.0.0.1:6379
2025-05-05 17:10:13 error: Redis connection FAIL :( connect ECONNREFUSED 127.0.0.1:6379
2025-05-05 17:10:14 error: Redis connection FAIL :( connect ECONNREFUSED 127.0.0.1:6379
2025-05-05 17:10:15 error: Redis connection FAIL :( connect ECONNREFUSED 127.0.0.1:6379
2025-05-05 14:23:59 info: Server is running on port 3000
2025-05-05 14:23:59 error: Redis connection FAIL :( connect ECONNREFUSED 127.0.0.1:6379
2025-05-05 14:23:59 info: MongoDB connection SUCCESS :)
2025-05-05 14:23:59 error: Redis connection FAIL :( connect ECONNREFUSED 127.0.0.1:6379
2025-05-05 14:23:59 error: Redis connection FAIL :( connect ECONNREFUSED 127.0.0.1:6379
2025-05-05 14:24:00 error: Redis connection FAIL :( connect ECONNREFUSED 127.0.0.1:6379
2025-05-05 14:24:00 error: Redis connection FAIL :( connect ECONNREFUSED 127.0.0.1:6379
2025-05-05 14:24:00 error: Redis connection FAIL :( connect ECONNREFUSED 127.0.0.1:6379
2025-05-05 14:24:00 error: Redis connection FAIL :( connect ECONNREFUSED 127.0.0.1:6379
2025-05-05 14:24:01 error: Redis connection FAIL :( connect ECONNREFUSED 127.0.0.1:6379
2025-05-05 14:24:01 error: Redis connection FAIL :( connect ECONNREFUSED 127.0.0.1:6379
2025-05-05 14:24:02 error: Redis connection FAIL :( connect ECONNREFUSED 127.0.0.1:6379
2025-05-05 14:24:02 error: Redis connection FAIL :( connect ECONNREFUSED 127.0.0.1:6379
2025-05-05 14:24:03 error: Redis connection FAIL :( connect ECONNREFUSED 127.0.0.1:6379
2025-05-05 14:24:03 error: Redis connection FAIL :( connect ECONNREFUSED 127.0.0.1:6379
2025-05-05 14:24:04 error: Redis connection FAIL :( connect ECONNREFUSED 127.0.0.1:6379
2025-05-05 14:24:05 error: Redis connection FAIL :( connect ECONNREFUSED 127.0.0.1:6379
2025-05-05 14:24:05 error: Redis connection FAIL :( connect ECONNREFUSED 127.0.0.1:6379
2025-05-05 14:24:06 error: Redis connection FAIL :( connect ECONNREFUSED 127.0.0.1:6379
2025-05-05 14:24:07 error: Redis connection FAIL :( connect ECONNREFUSED 127.0.0.1:6379
2025-05-05 14:24:08 error: Redis connection FAIL :( connect ECONNREFUSED 127.0.0.1:6379
2025-05-05 14:24:09 error: Redis connection FAIL :( connect ECONNREFUSED 127.0.0.1:6379
2025-05-05 14:24:10 error: Redis connection FAIL :( connect ECONNREFUSED 127.0.0.1:6379
2025-05-05 17:24:16 info: Server is running on port 3000
2025-05-05 17:24:16 info: Redis connection SUCCESS :)
2025-05-05 17:24:16 info: MongoDB connection SUCCESS :)
2025-05-05 17:24:16 info: Redis test: Redis bağlantısı çalışıyor!
2025-05-05 17:25:41 info: Server is running on port 3000
2025-05-05 17:25:41 info: Redis connection SUCCESS :)
2025-05-05 17:25:41 info: MongoDB connection SUCCESS :)
2025-05-05 17:25:41 info: Redis test: Redis bağlantısı çalışıyor!
2025-05-05 17:28:14 info: Server is running on port 3000
2025-05-05 17:28:14 info: Redis connection SUCCESS :)
2025-05-05 17:28:14 info: MongoDB connection SUCCESS :)
2025-05-05 17:28:14 info: Redis test: Redis bağlantısı çalışıyor!
